running script .inner_tools/git_push...
$0:.inner_tools/git_push
$1:/Users/samingzhong/.my_syn_tools
exit_if_target_dir_not_exit...
--------------- ⏫⏫⏫⏫⏫ 目标仓库：/Users/samingzhong/.my_syn_tools ⏫⏫⏫⏫⏫ ----------------
--------------- ⏫⏫⏫⏫⏫ push 开始执行[2022-07-11 18:16:14] ⏫⏫⏫⏫⏫ ----------------
当前目录:/Users/samingzhong/.my_syn_tools
fatal: No pathspec was given. Which files should I remove?
[master 038a18d] 自动同步(push)[at 2022-07-11 18:16:14]
 4 files changed, 9 insertions(+), 809 deletions(-)
 create mode 100644 .syn.log
 delete mode 100644 .syn_tools/syn.log
To github.com:samingzhong/bash_syn_tools.git
   34ac0ca..038a18d  master -> master
--------------- ⏫⏫⏫⏫⏫ 目标仓库：/Users/samingzhong/.my_syn_tools ⏫⏫⏫⏫⏫ ----------------
--------------- ⏫⏫⏫⏫⏫ push 执行结束时间[2022-07-11 18:16:18] ⏫⏫⏫⏫⏫ ----------------

running script .inner_tools/git_push...
$0:.inner_tools/git_push
$1:/Users/samingzhong/.my_syn_tools
exit_if_target_dir_not_exit...
--------------- ⏫⏫⏫⏫⏫ 目标仓库：/Users/samingzhong/.my_syn_tools ⏫⏫⏫⏫⏫ ----------------
--------------- ⏫⏫⏫⏫⏫ push 开始执行[2022-07-11 18:17:20] ⏫⏫⏫⏫⏫ ----------------
当前目录:/Users/samingzhong/.my_syn_tools
fatal: No pathspec was given. Which files should I remove?
[master 5be8c13] 自动同步(push)[at 2022-07-11 18:17:20]
 3 files changed, 17 insertions(+), 188 deletions(-)
 delete mode 100644 syn.log
To github.com:samingzhong/bash_syn_tools.git
   038a18d..5be8c13  master -> master
--------------- ⏫⏫⏫⏫⏫ 目标仓库：/Users/samingzhong/.my_syn_tools ⏫⏫⏫⏫⏫ ----------------
--------------- ⏫⏫⏫⏫⏫ push 执行结束时间[2022-07-11 18:17:24] ⏫⏫⏫⏫⏫ ----------------

running script .inner_tools/git_push...
$0:.inner_tools/git_push
$1:/Users/samingzhong/.my_syn_tools
exit_if_target_dir_not_exit...
--------------- ⏫⏫⏫⏫⏫ 目标仓库：/Users/samingzhong/.my_syn_tools ⏫⏫⏫⏫⏫ ----------------
--------------- ⏫⏫⏫⏫⏫ push 开始执行[2022-07-11 18:19:09] ⏫⏫⏫⏫⏫ ----------------
当前目录:/Users/samingzhong/.my_syn_tools
fatal: No pathspec was given. Which files should I remove?
[master 574d7ca] 自动同步(push)[at 2022-07-11 18:19:09]
 1 file changed, 7 insertions(+)
To github.com:samingzhong/bash_syn_tools.git
   155d42f..574d7ca  master -> master
--------------- ⏫⏫⏫⏫⏫ 目标仓库：/Users/samingzhong/.my_syn_tools ⏫⏫⏫⏫⏫ ----------------
--------------- ⏫⏫⏫⏫⏫ push 执行结束时间[2022-07-11 18:19:14] ⏫⏫⏫⏫⏫ ----------------

running script .inner_tools/git_push...
$0:.inner_tools/git_push
$1:/Users/samingzhong/.my_syn_tools
exit_if_target_dir_not_exit...
--------------- ⏫⏫⏫⏫⏫ 目标仓库：/Users/samingzhong/.my_syn_tools ⏫⏫⏫⏫⏫ ----------------
--------------- ⏫⏫⏫⏫⏫ push 开始执行[2022-07-11 18:57:00] ⏫⏫⏫⏫⏫ ----------------
当前目录:/Users/samingzhong/.my_syn_tools
fatal: No pathspec was given. Which files should I remove?
[master a07fae0] 自动同步(push)[at 2022-07-11 18:57:00]
 2 files changed, 7 insertions(+)
To github.com:samingzhong/bash_syn_tools.git
   8e96593..a07fae0  master -> master
--------------- ⏫⏫⏫⏫⏫ 目标仓库：/Users/samingzhong/.my_syn_tools ⏫⏫⏫⏫⏫ ----------------
--------------- ⏫⏫⏫⏫⏫ push 执行结束时间[2022-07-11 18:57:04] ⏫⏫⏫⏫⏫ ----------------

running script .inner_tools/git_push...
$0:.inner_tools/git_push
$1:/Users/samingzhong/.my_syn_tools
exit_if_target_dir_not_exit...
--------------- ⏫⏫⏫⏫⏫ 目标仓库：/Users/samingzhong/.my_syn_tools ⏫⏫⏫⏫⏫ ----------------
--------------- ⏫⏫⏫⏫⏫ push 开始执行[2022-07-11 18:58:31] ⏫⏫⏫⏫⏫ ----------------
当前目录:/Users/samingzhong/.my_syn_tools
fatal: No pathspec was given. Which files should I remove?
[master cb1e7d9] 自动同步(push)[at 2022-07-11 18:58:32]
 1 file changed, 7 insertions(+)
To github.com:samingzhong/bash_syn_tools.git
   cee969d..cb1e7d9  master -> master
--------------- ⏫⏫⏫⏫⏫ 目标仓库：/Users/samingzhong/.my_syn_tools ⏫⏫⏫⏫⏫ ----------------
--------------- ⏫⏫⏫⏫⏫ push 执行结束时间[2022-07-11 18:58:36] ⏫⏫⏫⏫⏫ ----------------

running script .inner_tools/git_push...
$0:.inner_tools/git_push
$1:/Users/samingzhong/.my_syn_tools
exit_if_target_dir_not_exit...
--------------- ⏫⏫⏫⏫⏫ 目标仓库：/Users/samingzhong/.my_syn_tools ⏫⏫⏫⏫⏫ ----------------
--------------- ⏫⏫⏫⏫⏫ push 开始执行[2022-07-11 20:27:21] ⏫⏫⏫⏫⏫ ----------------
当前目录:/Users/samingzhong/.my_syn_tools
fatal: No pathspec was given. Which files should I remove?
[master 2033897] 自动同步(push)[at 2022-07-11 20:27:21]
 2 files changed, 7 insertions(+)
To github.com:samingzhong/bash_syn_tools.git
   d574c03..2033897  master -> master
--------------- ⏫⏫⏫⏫⏫ 目标仓库：/Users/samingzhong/.my_syn_tools ⏫⏫⏫⏫⏫ ----------------
--------------- ⏫⏫⏫⏫⏫ push 执行结束时间[2022-07-11 20:27:25] ⏫⏫⏫⏫⏫ ----------------

running script .inner_tools/git_push...
$0:.inner_tools/git_push
$1:/Users/samingzhong/.my_syn_tools
exit_if_target_dir_not_exit...
--------------- ⏫⏫⏫⏫⏫ 目标仓库：/Users/samingzhong/.my_syn_tools ⏫⏫⏫⏫⏫ ----------------
--------------- ⏫⏫⏫⏫⏫ push 开始执行[2022-07-11 20:30:08] ⏫⏫⏫⏫⏫ ----------------
当前目录:/Users/samingzhong/.my_syn_tools
fatal: No pathspec was given. Which files should I remove?
[master cc422f6] 自动同步(push)[at 2022-07-11 20:30:08]
 1 file changed, 7 insertions(+)
To github.com:samingzhong/bash_syn_tools.git
   f75591e..cc422f6  master -> master
--------------- ⏫⏫⏫⏫⏫ 目标仓库：/Users/samingzhong/.my_syn_tools ⏫⏫⏫⏫⏫ ----------------
--------------- ⏫⏫⏫⏫⏫ push 执行结束时间[2022-07-11 20:30:12] ⏫⏫⏫⏫⏫ ----------------

running script .inner_tools/git_push...
$0:.inner_tools/git_push
$1:/Users/samingzhong/.my_syn_tools
exit_if_target_dir_not_exit...
--------------- ⏫⏫⏫⏫⏫ 目标仓库：/Users/samingzhong/.my_syn_tools ⏫⏫⏫⏫⏫ ----------------
--------------- ⏫⏫⏫⏫⏫ push 开始执行[2022-07-11 20:33:43] ⏫⏫⏫⏫⏫ ----------------
当前目录:/Users/samingzhong/.my_syn_tools
